timestamp: 2020-05-27T19:40:46.027515
CREATE TABLE "py4web_session"(
    "id" INTEGER PRIMARY KEY AUTOINCREMENT,
    "rkey" CHAR(512),
    "rvalue" TEXT,
    "expiration" INTEGER,
    "created_on" TIMESTAMP,
    "expires_on" TIMESTAMP
);
success!
timestamp: 2020-05-27T19:40:46.046455
CREATE TABLE "auth_user"(
    "id" INTEGER PRIMARY KEY AUTOINCREMENT,
    "email" CHAR(512) UNIQUE,
    "password" CHAR(512),
    "first_name" CHAR(512),
    "last_name" CHAR(512),
    "sso_id" CHAR(512),
    "action_token" CHAR(512),
    "last_password_change" TIMESTAMP
);
success!
timestamp: 2020-05-27T19:40:46.055219
CREATE TABLE "auth_user_tag_groups"(
    "id" INTEGER PRIMARY KEY AUTOINCREMENT,
    "path" CHAR(512),
    "record_id" INTEGER REFERENCES "auth_user" ("id") ON DELETE CASCADE  
);
success!
timestamp: 2020-05-27T19:40:46.075879
CREATE TABLE "images"(
    "id" INTEGER PRIMARY KEY AUTOINCREMENT,
    "image_url" CHAR(512)
);
success!
timestamp: 2020-05-27T19:40:46.082614
CREATE TABLE "rating"(
    "id" INTEGER PRIMARY KEY AUTOINCREMENT,
    "image" INTEGER REFERENCES "images" ("id") ON DELETE CASCADE  ,
    "rating" INTEGER,
    "rater" INTEGER REFERENCES "auth_user" ("id") ON DELETE CASCADE  
);
success!
